c:\users\user\documents\github\booking-system\booking system\booking system\x64\debug\vc142.pdb
c:\users\user\documents\github\booking-system\booking system\booking system\x64\debug\vc142.idb
c:\users\user\documents\github\booking-system\booking system\booking system\x64\debug\transaction.obj
c:\users\user\documents\github\booking-system\booking system\booking system\x64\debug\sqlcon.obj
c:\users\user\documents\github\booking-system\booking system\booking system\x64\debug\regsys.obj
c:\users\user\documents\github\booking-system\booking system\booking system\x64\debug\marinamanagment.obj
c:\users\user\documents\github\booking-system\booking system\booking system\x64\debug\customer.obj
c:\users\user\documents\github\booking-system\booking system\booking system\x64\debug\booking system.obj
c:\users\user\documents\github\booking-system\booking system\booking system\x64\debug\boat.obj
c:\users\user\documents\github\booking-system\booking system\booking system\x64\debug\marinaspace.obj
c:\users\user\documents\github\booking-system\booking system\booking system\x64\debug\linkedlist.obj
c:\users\user\documents\github\booking-system\booking system\booking system\x64\debug\sqlite3.obj
c:\users\user\documents\github\booking-system\booking system\x64\debug\booking system.exe
c:\users\user\documents\github\booking-system\booking system\x64\debug\booking system.ilk
c:\users\user\documents\github\booking-system\booking system\x64\debug\booking system.pdb
c:\users\user\documents\github\booking-system\booking system\booking system\x64\debug\booking system.tlog\cl.command.1.tlog
c:\users\user\documents\github\booking-system\booking system\booking system\x64\debug\booking system.tlog\cl.read.1.tlog
c:\users\user\documents\github\booking-system\booking system\booking system\x64\debug\booking system.tlog\cl.write.1.tlog
c:\users\user\documents\github\booking-system\booking system\booking system\x64\debug\booking system.tlog\link.command.1.tlog
c:\users\user\documents\github\booking-system\booking system\booking system\x64\debug\booking system.tlog\link.read.1.tlog
c:\users\user\documents\github\booking-system\booking system\booking system\x64\debug\booking system.tlog\link.write.1.tlog
